This is pdfTeX, Version 3.141592653-2.6-1.40.23 (MiKTeX 21.6.28 NEXT) (preloaded format=pdflatex 2021.7.23)  23 OCT 2021 14:05
entering extended mode
**./main.tex
(main.tex
LaTeX2e <2021-06-01> patch level 1
L3 programming layer <2021-07-12>
(C:\Users\Onigatari\AppData\Local\Programs\MiKTeX\tex/latex/base\article.cls
Document Class: article 2021/02/12 v1.4n Standard LaTeX document class
(C:\Users\Onigatari\AppData\Local\Programs\MiKTeX\tex/latex/base\size12.clo
File: size12.clo 2021/02/12 v1.4n Standard LaTeX file (size option)
)
\c@part=\count182
\c@section=\count183
\c@subsection=\count184
\c@subsubsection=\count185
\c@paragraph=\count186
\c@subparagraph=\count187
\c@figure=\count188
\c@table=\count189
\abovecaptionskip=\skip47
\belowcaptionskip=\skip48
\bibindent=\dimen138
)
(C:\Users\Onigatari\AppData\Local\Programs\MiKTeX\tex/latex/base\fontenc.sty
Package: fontenc 2021/04/29 v2.0v Standard LaTeX package

(C:\Users\Onigatari\AppData\Local\Programs\MiKTeX\tex/latex/cyrillic\t2aenc.def
File: t2aenc.def 2005/09/27 v1.0i Cyrillic encoding definition file
Now handling font encoding T2A ...
... processing UTF-8 mapping file for font encoding T2A
(C:\Users\Onigatari\AppData\Local\Programs\MiKTeX\tex/latex/base\t2aenc.dfu
File: t2aenc.dfu 2021/01/27 v1.2l UTF-8 support for inputenc
   defining Unicode char U+00A4 (decimal 164)
   defining Unicode char U+00A7 (decimal 167)
   defining Unicode char U+00AB (decimal 171)
   defining Unicode char U+00BB (decimal 187)
   defining Unicode char U+0131 (decimal 305)
   defining Unicode char U+0237 (decimal 567)
   defining Unicode char U+0400 (decimal 1024)
   defining Unicode char U+0401 (decimal 1025)
   defining Unicode char U+0402 (decimal 1026)
   defining Unicode char U+0403 (decimal 1027)
   defining Unicode char U+0404 (decimal 1028)
   defining Unicode char U+0405 (decimal 1029)
   defining Unicode char U+0406 (decimal 1030)
   defining Unicode char U+0407 (decimal 1031)
   defining Unicode char U+0408 (decimal 1032)
   defining Unicode char U+0409 (decimal 1033)
   defining Unicode char U+040A (decimal 1034)
   defining Unicode char U+040B (decimal 1035)
   defining Unicode char U+040C (decimal 1036)
   defining Unicode char U+040D (decimal 1037)
   defining Unicode char U+040E (decimal 1038)
   defining Unicode char U+040F (decimal 1039)
   defining Unicode char U+0410 (decimal 1040)
   defining Unicode char U+0411 (decimal 1041)
   defining Unicode char U+0412 (decimal 1042)
   defining Unicode char U+0413 (decimal 1043)
   defining Unicode char U+0414 (decimal 1044)
   defining Unicode char U+0415 (decimal 1045)
   defining Unicode char U+0416 (decimal 1046)
   defining Unicode char U+0417 (decimal 1047)
   defining Unicode char U+0418 (decimal 1048)
   defining Unicode char U+0419 (decimal 1049)
   defining Unicode char U+041A (decimal 1050)
   defining Unicode char U+041B (decimal 1051)
   defining Unicode char U+041C (decimal 1052)
   defining Unicode char U+041D (decimal 1053)
   defining Unicode char U+041E (decimal 1054)
   defining Unicode char U+041F (decimal 1055)
   defining Unicode char U+0420 (decimal 1056)
   defining Unicode char U+0421 (decimal 1057)
   defining Unicode char U+0422 (decimal 1058)
   defining Unicode char U+0423 (decimal 1059)
   defining Unicode char U+0424 (decimal 1060)
   defining Unicode char U+0425 (decimal 1061)
   defining Unicode char U+0426 (decimal 1062)
   defining Unicode char U+0427 (decimal 1063)
   defining Unicode char U+0428 (decimal 1064)
   defining Unicode char U+0429 (decimal 1065)
   defining Unicode char U+042A (decimal 1066)
   defining Unicode char U+042B (decimal 1067)
   defining Unicode char U+042C (decimal 1068)
   defining Unicode char U+042D (decimal 1069)
   defining Unicode char U+042E (decimal 1070)
   defining Unicode char U+042F (decimal 1071)
   defining Unicode char U+0430 (decimal 1072)
   defining Unicode char U+0431 (decimal 1073)
   defining Unicode char U+0432 (decimal 1074)
   defining Unicode char U+0433 (decimal 1075)
   defining Unicode char U+0434 (decimal 1076)
   defining Unicode char U+0435 (decimal 1077)
   defining Unicode char U+0436 (decimal 1078)
   defining Unicode char U+0437 (decimal 1079)
   defining Unicode char U+0438 (decimal 1080)
   defining Unicode char U+0439 (decimal 1081)
   defining Unicode char U+043A (decimal 1082)
   defining Unicode char U+043B (decimal 1083)
   defining Unicode char U+043C (decimal 1084)
   defining Unicode char U+043D (decimal 1085)
   defining Unicode char U+043E (decimal 1086)
   defining Unicode char U+043F (decimal 1087)
   defining Unicode char U+0440 (decimal 1088)
   defining Unicode char U+0441 (decimal 1089)
   defining Unicode char U+0442 (decimal 1090)
   defining Unicode char U+0443 (decimal 1091)
   defining Unicode char U+0444 (decimal 1092)
   defining Unicode char U+0445 (decimal 1093)
   defining Unicode char U+0446 (decimal 1094)
   defining Unicode char U+0447 (decimal 1095)
   defining Unicode char U+0448 (decimal 1096)
   defining Unicode char U+0449 (decimal 1097)
   defining Unicode char U+044A (decimal 1098)
   defining Unicode char U+044B (decimal 1099)
   defining Unicode char U+044C (decimal 1100)
   defining Unicode char U+044D (decimal 1101)
   defining Unicode char U+044E (decimal 1102)
   defining Unicode char U+044F (decimal 1103)
   defining Unicode char U+0450 (decimal 1104)
   defining Unicode char U+0451 (decimal 1105)
   defining Unicode char U+0452 (decimal 1106)
   defining Unicode char U+0453 (decimal 1107)
   defining Unicode char U+0454 (decimal 1108)
   defining Unicode char U+0455 (decimal 1109)
   defining Unicode char U+0456 (decimal 1110)
   defining Unicode char U+0457 (decimal 1111)
   defining Unicode char U+0458 (decimal 1112)
   defining Unicode char U+0459 (decimal 1113)
   defining Unicode char U+045A (decimal 1114)
   defining Unicode char U+045B (decimal 1115)
   defining Unicode char U+045C (decimal 1116)
   defining Unicode char U+045D (decimal 1117)
   defining Unicode char U+045E (decimal 1118)
   defining Unicode char U+045F (decimal 1119)
   defining Unicode char U+0490 (decimal 1168)
   defining Unicode char U+0491 (decimal 1169)
   defining Unicode char U+0492 (decimal 1170)
   defining Unicode char U+0493 (decimal 1171)
   defining Unicode char U+0496 (decimal 1174)
   defining Unicode char U+0497 (decimal 1175)
   defining Unicode char U+0498 (decimal 1176)
   defining Unicode char U+0499 (decimal 1177)
   defining Unicode char U+049A (decimal 1178)
   defining Unicode char U+049B (decimal 1179)
   defining Unicode char U+049C (decimal 1180)
   defining Unicode char U+049D (decimal 1181)
   defining Unicode char U+04A0 (decimal 1184)
   defining Unicode char U+04A1 (decimal 1185)
   defining Unicode char U+04A2 (decimal 1186)
   defining Unicode char U+04A3 (decimal 1187)
   defining Unicode char U+04A4 (decimal 1188)
   defining Unicode char U+04A5 (decimal 1189)
   defining Unicode char U+04AA (decimal 1194)
   defining Unicode char U+04AB (decimal 1195)
   defining Unicode char U+04AE (decimal 1198)
   defining Unicode char U+04AF (decimal 1199)
   defining Unicode char U+04B0 (decimal 1200)
   defining Unicode char U+04B1 (decimal 1201)
   defining Unicode char U+04B2 (decimal 1202)
   defining Unicode char U+04B3 (decimal 1203)
   defining Unicode char U+04B6 (decimal 1206)
   defining Unicode char U+04B7 (decimal 1207)
   defining Unicode char U+04B8 (decimal 1208)
   defining Unicode char U+04B9 (decimal 1209)
   defining Unicode char U+04BA (decimal 1210)
   defining Unicode char U+04BB (decimal 1211)
   defining Unicode char U+04C0 (decimal 1216)
   defining Unicode char U+04C1 (decimal 1217)
   defining Unicode char U+04C2 (decimal 1218)
   defining Unicode char U+04D0 (decimal 1232)
   defining Unicode char U+04D1 (decimal 1233)
   defining Unicode char U+04D2 (decimal 1234)
   defining Unicode char U+04D3 (decimal 1235)
   defining Unicode char U+04D4 (decimal 1236)
   defining Unicode char U+04D5 (decimal 1237)
   defining Unicode char U+04D6 (decimal 1238)
   defining Unicode char U+04D7 (decimal 1239)
   defining Unicode char U+04D8 (decimal 1240)
   defining Unicode char U+04D9 (decimal 1241)
   defining Unicode char U+04DA (decimal 1242)
   defining Unicode char U+04DB (decimal 1243)
   defining Unicode char U+04DC (decimal 1244)
   defining Unicode char U+04DD (decimal 1245)
   defining Unicode char U+04DE (decimal 1246)
   defining Unicode char U+04DF (decimal 1247)
   defining Unicode char U+04E2 (decimal 1250)
   defining Unicode char U+04E3 (decimal 1251)
   defining Unicode char U+04E4 (decimal 1252)
   defining Unicode char U+04E5 (decimal 1253)
   defining Unicode char U+04E6 (decimal 1254)
   defining Unicode char U+04E7 (decimal 1255)
   defining Unicode char U+04E8 (decimal 1256)
   defining Unicode char U+04E9 (decimal 1257)
   defining Unicode char U+04EC (decimal 1260)
   defining Unicode char U+04ED (decimal 1261)
   defining Unicode char U+04EE (decimal 1262)
   defining Unicode char U+04EF (decimal 1263)
   defining Unicode char U+04F0 (decimal 1264)
   defining Unicode char U+04F1 (decimal 1265)
   defining Unicode char U+04F2 (decimal 1266)
   defining Unicode char U+04F3 (decimal 1267)
   defining Unicode char U+04F4 (decimal 1268)
   defining Unicode char U+04F5 (decimal 1269)
   defining Unicode char U+04F8 (decimal 1272)
   defining Unicode char U+04F9 (decimal 1273)
   defining Unicode char U+200C (decimal 8204)
   defining Unicode char U+2013 (decimal 8211)
   defining Unicode char U+2014 (decimal 8212)
   defining Unicode char U+2018 (decimal 8216)
   defining Unicode char U+2019 (decimal 8217)
   defining Unicode char U+201C (decimal 8220)
   defining Unicode char U+201D (decimal 8221)
   defining Unicode char U+201E (decimal 8222)
   defining Unicode char U+2030 (decimal 8240)
   defining Unicode char U+2031 (decimal 8241)
   defining Unicode char U+2116 (decimal 8470)
   defining Unicode char U+2329 (decimal 9001)
   defining Unicode char U+232A (decimal 9002)
   defining Unicode char U+2423 (decimal 9251)
   defining Unicode char U+27E8 (decimal 10216)
   defining Unicode char U+27E9 (decimal 10217)
   defining Unicode char U+FB00 (decimal 64256)
   defining Unicode char U+FB01 (decimal 64257)
   defining Unicode char U+FB02 (decimal 64258)
   defining Unicode char U+FB03 (decimal 64259)
   defining Unicode char U+FB04 (decimal 64260)
   defining Unicode char U+FB05 (decimal 64261)
   defining Unicode char U+FB06 (decimal 64262)
))
LaTeX Font Info:    Trying to load font information for T2A+cmr on input line 1
12.

(C:\Users\Onigatari\AppData\Local\Programs\MiKTeX\tex/latex/cyrillic\t2acmr.fd
File: t2acmr.fd 2001/08/11 v1.0a Computer Modern Cyrillic font definitions
)) (C:\Users\Onigatari\AppData\Local\Programs\MiKTeX\tex/latex/base\inputenc.st
y
Package: inputenc 2021/02/14 v1.3d Input encoding file
\inpenc@prehook=\toks16
\inpenc@posthook=\toks17
) (C:\Users\Onigatari\AppData\Local\Programs\MiKTeX\tex/generic/babel\babel.sty
Package: babel 2021/06/28 3.61 The Babel package
(C:\Users\Onigatari\AppData\Local\Programs\MiKTeX\tex/generic/babel\babel.def
File: babel.def 2021/06/28 3.61 Babel common definitions
\babel@savecnt=\count190
\U@D=\dimen139
\l@unhyphenated=\language79

(C:\Users\Onigatari\AppData\Local\Programs\MiKTeX\tex/generic/babel\txtbabel.de
f)
\bbl@readstream=\read2
)
\bbl@dirlevel=\count191

*************************************
* Local config file bblopts.cfg used
*
(C:\Users\Onigatari\AppData\Local\Programs\MiKTeX\tex/latex/arabi\bblopts.cfg
File: bblopts.cfg 2005/09/08 v0.1 add Arabic and Farsi to "declared" options of
 babel
)
(C:\Users\Onigatari\AppData\Local\Programs\MiKTeX\tex/latex/babel-russian\russi
anb.ldf
File: russianb.ldf 2021/01/10 1.3m Russian support for the Babel system
Language: russian 2020/09/09 1.3k Russian support for the Babel system
Package babel Info: Making " an active character on input line 124.
Package babel Info: Default for \cyrdash is provided on input line 163.
)
(C:\Users\Onigatari\AppData\Local\Programs\MiKTeX\tex/latex/babel-english\engli
sh.ldf
Language: english 2017/06/06 v3.3r English support from the babel system
Package babel Info: Hyphen rules for 'canadian' set to \l@english
(babel)             (\language0). Reported on input line 102.
Package babel Info: Hyphen rules for 'australian' set to \l@ukenglish
(babel)             (\language73). Reported on input line 105.
Package babel Info: Hyphen rules for 'newzealand' set to \l@ukenglish
(babel)             (\language73). Reported on input line 108.
))
(C:\Users\Onigatari\AppData\Local\Programs\MiKTeX\tex/latex/extsizes\extsizes.s
ty
Package: extsizes 1996/10/08 v1.0 Non Standard LaTeX Package


Package ExtSizes Warning: It is better to use one of the extsizes classes,
 if you can.


(C:\Users\Onigatari\AppData\Local\Programs\MiKTeX\tex/latex/extsizes\size14.clo
File: size14.clo 1999/11/11 v1.4a NON-Standard LaTeX file (size option)
)) (C:\Users\Onigatari\AppData\Local\Programs\MiKTeX\tex/latex/cmap\cmap.sty
Package: cmap 2021/02/06 v1.0j CMap support: searchable PDF


Package cmap Warning: fontenc already loaded - some fonts may be unprocessed.

)
(C:\Users\Onigatari\AppData\Local\Programs\MiKTeX\tex/latex/tools\indentfirst.s
ty
Package: indentfirst 1995/11/23 v1.03 Indent first paragraph (DPC)
)
(C:\Users\Onigatari\AppData\Local\Programs\MiKTeX\tex/latex/autonum\autonum.sty
Package: autonum 2015/01/18 v0.3.11 Automatic numbering of equations

(C:\Users\Onigatari\AppData\Local\Programs\MiKTeX\tex/latex/etoolbox\etoolbox.s
ty
Package: etoolbox 2020/10/05 v2.5k e-TeX tools for LaTeX (JAW)
\etb@tempcnta=\count192
)
(C:\Users\Onigatari\AppData\Local\Programs\MiKTeX\tex/latex/etextools\etextools
.sty
Package: etextools 2010/12/07 v3.1415926 e-TeX more useful tools for LaTeX pack
age writers

(C:\Users\Onigatari\AppData\Local\Programs\MiKTeX\tex/latex/etex-pkg\etex.sty
Package: etex 2016/08/01 v2.7 eTeX basic definition package (PEB,DPC)
\et@xins=\count193
)
(C:\Users\Onigatari\AppData\Local\Programs\MiKTeX\tex/latex/letltxmacro\letltxm
acro.sty
Package: letltxmacro 2019/12/03 v1.6 Let assignment for LaTeX macros (HO)
)
\ettl@fter=\count194
\ettl@for@nested=\count277
)
(C:\Users\Onigatari\AppData\Local\Programs\MiKTeX\tex/latex/amsmath\amsmath.sty
Package: amsmath 2021/04/20 v2.17j AMS math features
\@mathmargin=\skip49
For additional information on amsmath, use the `?' option.

(C:\Users\Onigatari\AppData\Local\Programs\MiKTeX\tex/latex/amsmath\amstext.sty
Package: amstext 2000/06/29 v2.01 AMS text
(C:\Users\Onigatari\AppData\Local\Programs\MiKTeX\tex/latex/amsmath\amsgen.sty
File: amsgen.sty 1999/11/30 v2.0 generic functions
\@emptytoks=\toks18
\ex@=\dimen140
))
(C:\Users\Onigatari\AppData\Local\Programs\MiKTeX\tex/latex/amsmath\amsbsy.sty
Package: amsbsy 1999/11/29 v1.2d Bold Symbols
\pmbraise@=\dimen141
) (C:\Users\Onigatari\AppData\Local\Programs\MiKTeX\tex/latex/amsmath\amsopn.st
y
Package: amsopn 2016/03/08 v2.02 operator names
)
\inf@bad=\count195
LaTeX Info: Redefining \frac on input line 234.
\uproot@=\count196
\leftroot@=\count197
LaTeX Info: Redefining \overline on input line 399.
\classnum@=\count198
\DOTSCASE@=\count199
LaTeX Info: Redefining \ldots on input line 496.
LaTeX Info: Redefining \dots on input line 499.
LaTeX Info: Redefining \cdots on input line 620.
\Mathstrutbox@=\box50
\strutbox@=\box51
\big@size=\dimen142
LaTeX Font Info:    Redeclaring font encoding OML on input line 743.
LaTeX Font Info:    Redeclaring font encoding OMS on input line 744.
Normal \count register pool exhausted, switching to extended pool.
\macc@depth=\count278
\c@MaxMatrixCols=\count279
\dotsspace@=\muskip16
\c@parentequation=\count280
\dspbrk@lvl=\count281
\tag@help=\toks19
\row@=\count282
\column@=\count283
\maxfields@=\count284
\andhelp@=\toks20
\eqnshift@=\dimen143
\alignsep@=\dimen144
\tagshift@=\dimen145
\tagwidth@=\dimen146
\totwidth@=\dimen147
\lineht@=\dimen148
\@envbody=\toks21
\multlinegap=\skip50
\multlinetaggap=\skip51
\mathdisplay@stack=\toks22
LaTeX Info: Redefining \[ on input line 2923.
LaTeX Info: Redefining \] on input line 2924.
)
(C:\Users\Onigatari\AppData\Local\Programs\MiKTeX\tex/latex/textpos\textpos.sty
Package: textpos 2020/09/26 v1.10
Package: textpos 2020/09/26 1.10, absolute positioning of text on the page
Package textpos Info: choosing support for LaTeX3 on input line 61.

(C:\Users\Onigatari\AppData\Local\Programs\MiKTeX\tex/latex/graphics\keyval.sty
Package: keyval 2014/10/28 v1.15 key=value parser (DPC)
\KV@toks@=\toks23
)
\TP@textbox=\box52
\TP@holdbox=\box53
\TPHorizModule=\dimen149
\TPVertModule=\dimen150
\TP@margin=\dimen151
\TP@absmargin=\dimen152

Grid set 16 x 16 = 37.34424pt x 52.81541pt
\TPboxrulesize=\dimen153
\TP@ox=\dimen154
\TP@oy=\dimen155
\TP@tbargs=\toks24
TextBlockOrigin set to 0pt x 0pt
)
\c@autonum@counter=\count285
)
(C:\Users\Onigatari\AppData\Local\Programs\MiKTeX\tex/latex/amsfonts\amsfonts.s
ty
Package: amsfonts 2013/01/14 v3.01 Basic AMSFonts support
\symAMSa=\mathgroup4
\symAMSb=\mathgroup5
LaTeX Font Info:    Redeclaring math symbol \hbar on input line 98.
LaTeX Font Info:    Overwriting math alphabet `\mathfrak' in version `bold'
(Font)                  U/euf/m/n --> U/euf/b/n on input line 106.
)
(C:\Users\Onigatari\AppData\Local\Programs\MiKTeX\tex/latex/amsfonts\amssymb.st
y
Package: amssymb 2013/01/14 v3.01 AMS font symbols
)
(C:\Users\Onigatari\AppData\Local\Programs\MiKTeX\tex/latex/amscls\amsthm.sty
Package: amsthm 2020/05/29 v2.20.6
\thm@style=\toks25
\thm@bodyfont=\toks26
\thm@headfont=\toks27
\thm@notefont=\toks28
\thm@headpunct=\toks29
\thm@preskip=\skip52
\thm@postskip=\skip53
\thm@headsep=\skip54
\dth@everypar=\toks30
)
(C:\Users\Onigatari\AppData\Local\Programs\MiKTeX\tex/latex/was\upgreek.sty
Package: upgreek 2003/02/12 v2.0 (WaS)
Package upgreek Info: Using Euler Roman for upright Greek on input line 31.
\symugrf@m=\mathgroup6
LaTeX Font Info:    Overwriting symbol font `ugrf@m' in version `bold'
(Font)                  U/eur/m/n --> U/eur/b/n on input line 38.
)
(C:\Users\Onigatari\AppData\Local\Programs\MiKTeX\tex/latex/graphics\graphicx.s
ty
Package: graphicx 2020/12/05 v1.2c Enhanced LaTeX Graphics (DPC,SPQR)

(C:\Users\Onigatari\AppData\Local\Programs\MiKTeX\tex/latex/graphics\graphics.s
ty
Package: graphics 2021/03/04 v1.4d Standard LaTeX Graphics (DPC,SPQR)

(C:\Users\Onigatari\AppData\Local\Programs\MiKTeX\tex/latex/graphics\trig.sty
Package: trig 2016/01/03 v1.10 sin cos tan (DPC)
)
(C:\Users\Onigatari\AppData\Local\Programs\MiKTeX\tex/latex/graphics-cfg\graphi
cs.cfg
File: graphics.cfg 2016/06/04 v1.11 sample graphics configuration
)
Package graphics Info: Driver file: pdftex.def on input line 107.

(C:\Users\Onigatari\AppData\Local\Programs\MiKTeX\tex/latex/graphics-def\pdftex
.def
File: pdftex.def 2020/10/05 v1.2a Graphics/color driver for pdftex
))
\Gin@req@height=\dimen156
\Gin@req@width=\dimen157
)
(C:\Users\Onigatari\AppData\Local\Programs\MiKTeX\tex/latex/listings\listings.s
ty
\lst@mode=\count286
\lst@gtempboxa=\box54
\lst@token=\toks31
\lst@length=\count287
\lst@currlwidth=\dimen158
\lst@column=\count288
\lst@pos=\count289
\lst@lostspace=\dimen159
\lst@width=\dimen160
\lst@newlines=\count290
\lst@lineno=\count291
\lst@maxwidth=\dimen161

(C:\Users\Onigatari\AppData\Local\Programs\MiKTeX\tex/latex/listings\lstmisc.st
y
File: lstmisc.sty 2020/03/24 1.8d (Carsten Heinz)
\c@lstnumber=\count292
\lst@skipnumbers=\count293
\lst@framebox=\box55
)
(C:\Users\Onigatari\AppData\Local\Programs\MiKTeX\tex/latex/listings\listings.c
fg
File: listings.cfg 2020/03/24 1.8d listings configuration
))
Package: listings 2020/03/24 1.8d (Carsten Heinz)

(C:\Users\Onigatari\AppData\Local\Programs\MiKTeX\tex/latex/multirow\multirow.s
ty
Package: multirow 2021/03/15 v2.8 Span multiple rows of a table
\multirow@colwidth=\skip55
\multirow@cntb=\count294
\multirow@dima=\skip56
\bigstrutjot=\dimen162
)
(C:\Users\Onigatari\AppData\Local\Programs\MiKTeX\tex/latex/doublestroke\dsfont
.sty
Package: dsfont 1995/08/01 v0.1 Double stroke roman fonts
)
(C:\Users\Onigatari\AppData\Local\Programs\MiKTeX\tex/latex/setspace\setspace.s
ty
Package: setspace 2011/12/19 v6.7a set line spacing
)
(C:\Users\Onigatari\AppData\Local\Programs\MiKTeX\tex/latex/xcolor\xcolor.sty
Package: xcolor 2016/05/11 v2.12 LaTeX color extensions (UK)

(C:\Users\Onigatari\AppData\Local\Programs\MiKTeX\tex/latex/graphics-cfg\color.
cfg
File: color.cfg 2016/01/02 v1.6 sample color configuration
)
Package xcolor Info: Driver file: pdftex.def on input line 225.

(C:\Users\Onigatari\AppData\Local\Programs\MiKTeX\tex/latex/colortbl\colortbl.s
ty
Package: colortbl 2020/01/04 v1.0e Color table columns (DPC)
 (C:\Users\Onigatari\AppData\Local\Programs\MiKTeX\tex/latex/tools\array.sty
Package: array 2021/04/20 v2.5e Tabular extension package (FMi)
\col@sep=\dimen163
\ar@mcellbox=\box56
\extrarowheight=\dimen164
\NC@list=\toks32
\extratabsurround=\skip57
\backup@length=\skip58
\ar@cellbox=\box57
)
\everycr=\toks33
\minrowclearance=\skip59
)
\rownum=\count295
Package xcolor Info: Model `cmy' substituted by `cmy0' on input line 1348.
Package xcolor Info: Model `hsb' substituted by `rgb' on input line 1352.
Package xcolor Info: Model `RGB' extended on input line 1364.
Package xcolor Info: Model `HTML' substituted by `rgb' on input line 1366.
Package xcolor Info: Model `Hsb' substituted by `hsb' on input line 1367.
Package xcolor Info: Model `tHsb' substituted by `hsb' on input line 1368.
Package xcolor Info: Model `HSB' substituted by `hsb' on input line 1369.
Package xcolor Info: Model `Gray' substituted by `gray' on input line 1370.
Package xcolor Info: Model `wave' substituted by `hsb' on input line 1371.
)
(C:\Users\Onigatari\AppData\Local\Programs\MiKTeX\tex/latex/hyperref\hyperref.s
ty
Package: hyperref 2021-06-07 v7.00m Hypertext links for LaTeX

(C:\Users\Onigatari\AppData\Local\Programs\MiKTeX\tex/generic/ltxcmds\ltxcmds.s
ty
Package: ltxcmds 2020-05-10 v1.25 LaTeX kernel commands for general use (HO)
)
(C:\Users\Onigatari\AppData\Local\Programs\MiKTeX\tex/generic/iftex\iftex.sty
Package: iftex 2020/03/06 v1.0d TeX engine tests
)
(C:\Users\Onigatari\AppData\Local\Programs\MiKTeX\tex/generic/pdftexcmds\pdftex
cmds.sty
Package: pdftexcmds 2020-06-27 v0.33 Utility functions of pdfTeX for LuaTeX (HO
)

(C:\Users\Onigatari\AppData\Local\Programs\MiKTeX\tex/generic/infwarerr\infware
rr.sty
Package: infwarerr 2019/12/03 v1.5 Providing info/warning/error messages (HO)
)
Package pdftexcmds Info: \pdf@primitive is available.
Package pdftexcmds Info: \pdf@ifprimitive is available.
Package pdftexcmds Info: \pdfdraftmode found.
)
(C:\Users\Onigatari\AppData\Local\Programs\MiKTeX\tex/generic/kvsetkeys\kvsetke
ys.sty
Package: kvsetkeys 2019/12/15 v1.18 Key value parser (HO)
)
(C:\Users\Onigatari\AppData\Local\Programs\MiKTeX\tex/generic/kvdefinekeys\kvde
finekeys.sty
Package: kvdefinekeys 2019-12-19 v1.6 Define keys (HO)
)
(C:\Users\Onigatari\AppData\Local\Programs\MiKTeX\tex/generic/pdfescape\pdfesca
pe.sty
Package: pdfescape 2019/12/09 v1.15 Implements pdfTeX's escape features (HO)
)
(C:\Users\Onigatari\AppData\Local\Programs\MiKTeX\tex/latex/hycolor\hycolor.sty
Package: hycolor 2020-01-27 v1.10 Color options for hyperref/bookmark (HO)
)
(C:\Users\Onigatari\AppData\Local\Programs\MiKTeX\tex/latex/auxhook\auxhook.sty
Package: auxhook 2019-12-17 v1.6 Hooks for auxiliary files (HO)
)
(C:\Users\Onigatari\AppData\Local\Programs\MiKTeX\tex/latex/kvoptions\kvoptions
.sty
Package: kvoptions 2020-10-07 v3.14 Key value format for package options (HO)
)
\@linkdim=\dimen165
\Hy@linkcounter=\count296
\Hy@pagecounter=\count297

(C:\Users\Onigatari\AppData\Local\Programs\MiKTeX\tex/latex/hyperref\pd1enc.def
File: pd1enc.def 2021-06-07 v7.00m Hyperref: PDFDocEncoding definition (HO)
Now handling font encoding PD1 ...
... no UTF-8 mapping file for font encoding PD1
)
(C:\Users\Onigatari\AppData\Local\Programs\MiKTeX\tex/latex/hyperref\hyperref-l
angpatches.def
File: hyperref-langpatches.def 2021-06-07 v7.00m Hyperref: patches for babel la
nguages
)
(C:\Users\Onigatari\AppData\Local\Programs\MiKTeX\tex/generic/intcalc\intcalc.s
ty
Package: intcalc 2019/12/15 v1.3 Expandable calculations with integers (HO)
)
(C:\Users\Onigatari\AppData\Local\Programs\MiKTeX\tex/generic/etexcmds\etexcmds
.sty
Package: etexcmds 2019/12/15 v1.7 Avoid name clashes with e-TeX commands (HO)
)
\Hy@SavedSpaceFactor=\count298

(C:\Users\Onigatari\AppData\Local\Programs\MiKTeX\tex/latex/hyperref\puenc.def
File: puenc.def 2021-06-07 v7.00m Hyperref: PDF Unicode definition (HO)
Now handling font encoding PU ...
... no UTF-8 mapping file for font encoding PU
)
Package hyperref Info: Option `unicode' set `true' on input line 3167.
Package hyperref Info: Option `hypertexnames' set `false' on input line 4073.
Package hyperref Info: Option `unicode' set `true' on input line 4073.
Package hyperref Info: Hyper figures OFF on input line 4192.
Package hyperref Info: Link nesting OFF on input line 4197.
Package hyperref Info: Hyper index ON on input line 4200.
Package hyperref Info: Plain pages OFF on input line 4207.
Package hyperref Info: Backreferencing OFF on input line 4212.
Package hyperref Info: Implicit mode ON; LaTeX internals redefined.
Package hyperref Info: Bookmarks ON on input line 4445.
\c@Hy@tempcnt=\count299
(C:\Users\Onigatari\AppData\Local\Programs\MiKTeX\tex/latex/url\url.sty
\Urlmuskip=\muskip17
Package: url 2013/09/16  ver 3.4  Verb mode for urls, etc.
)
LaTeX Info: Redefining \url on input line 4804.
\XeTeXLinkMargin=\dimen166

(C:\Users\Onigatari\AppData\Local\Programs\MiKTeX\tex/generic/bitset\bitset.sty
Package: bitset 2019/12/09 v1.3 Handle bit-vector datatype (HO)

(C:\Users\Onigatari\AppData\Local\Programs\MiKTeX\tex/generic/bigintcalc\bigint
calc.sty
Package: bigintcalc 2019/12/15 v1.5 Expandable calculations on big integers (HO
)
))
\Fld@menulength=\count300
\Field@Width=\dimen167
\Fld@charsize=\dimen168
Package hyperref Info: Hyper figures OFF on input line 6076.
Package hyperref Info: Link nesting OFF on input line 6081.
Package hyperref Info: Hyper index ON on input line 6084.
Package hyperref Info: backreferencing OFF on input line 6091.
Package hyperref Info: Link coloring OFF on input line 6096.
Package hyperref Info: Link coloring with OCG OFF on input line 6101.
Package hyperref Info: PDF/A mode OFF on input line 6106.
LaTeX Info: Redefining \ref on input line 6146.
LaTeX Info: Redefining \pageref on input line 6150.

(C:\Users\Onigatari\AppData\Local\Programs\MiKTeX\tex/latex/base\atbegshi-ltx.s
ty
Package: atbegshi-ltx 2021/01/10 v1.0c Emulation of the original atbegshi
package with kernel methods
)
\Hy@abspage=\count301
\c@Item=\count302
\c@Hfootnote=\count303
)
Package hyperref Info: Driver: hpdftex.

(C:\Users\Onigatari\AppData\Local\Programs\MiKTeX\tex/latex/hyperref\hpdftex.de
f
File: hpdftex.def 2021-06-07 v7.00m Hyperref driver for pdfTeX

(C:\Users\Onigatari\AppData\Local\Programs\MiKTeX\tex/latex/base\atveryend-ltx.
sty
Package: atveryend-ltx 2020/08/19 v1.0a Emulation of the original atvery packag
e
with kernel methods
)
\Fld@listcount=\count304
\c@bookmark@seq@number=\count305

(C:\Users\Onigatari\AppData\Local\Programs\MiKTeX\tex/latex/rerunfilecheck\reru
nfilecheck.sty
Package: rerunfilecheck 2019/12/05 v1.9 Rerun checks for auxiliary files (HO)

(C:\Users\Onigatari\AppData\Local\Programs\MiKTeX\tex/generic/uniquecounter\uni
quecounter.sty
Package: uniquecounter 2019/12/15 v1.4 Provide unlimited unique counter (HO)
)
Package uniquecounter Info: New unique counter `rerunfilecheck' on input line 2
86.
)
\Hy@SectionHShift=\skip60
)
(C:\Users\Onigatari\AppData\Local\Programs\MiKTeX\tex/latex/geometry\geometry.s
ty
Package: geometry 2020/01/02 v5.9 Page Geometry

(C:\Users\Onigatari\AppData\Local\Programs\MiKTeX\tex/generic/iftex\ifvtex.sty
Package: ifvtex 2019/10/25 v1.7 ifvtex legacy package. Use iftex instead.
)
\Gm@cnth=\count306
\Gm@cntv=\count307
\c@Gm@tempcnt=\count308
\Gm@bindingoffset=\dimen169
\Gm@wd@mp=\dimen170
\Gm@odd@mp=\dimen171
\Gm@even@mp=\dimen172
\Gm@layoutwidth=\dimen173
\Gm@layoutheight=\dimen174
\Gm@layouthoffset=\dimen175
\Gm@layoutvoffset=\dimen176
\Gm@dimlist=\toks34

(C:\Users\Onigatari\AppData\Local\Programs\MiKTeX\tex/latex/geometry\geometry.c
fg))
(C:\Users\Onigatari\AppData\Local\Programs\MiKTeX\tex/latex/pgf/frontendlayer\t
ikz.sty
(C:\Users\Onigatari\AppData\Local\Programs\MiKTeX\tex/latex/pgf/basiclayer\pgf.
sty
(C:\Users\Onigatari\AppData\Local\Programs\MiKTeX\tex/latex/pgf/utilities\pgfrc
s.sty
(C:\Users\Onigatari\AppData\Local\Programs\MiKTeX\tex/generic/pgf/utilities\pgf
util-common.tex
\pgfutil@everybye=\toks35
\pgfutil@tempdima=\dimen177
\pgfutil@tempdimb=\dimen178

(C:\Users\Onigatari\AppData\Local\Programs\MiKTeX\tex/generic/pgf/utilities\pgf
util-common-lists.tex))
(C:\Users\Onigatari\AppData\Local\Programs\MiKTeX\tex/generic/pgf/utilities\pgf
util-latex.def
\pgfutil@abb=\box58
)
(C:\Users\Onigatari\AppData\Local\Programs\MiKTeX\tex/generic/pgf/utilities\pgf
rcs.code.tex
(C:\Users\Onigatari\AppData\Local\Programs\MiKTeX\tex/generic/pgf\pgf.revision.
tex)
Package: pgfrcs 2021/05/15 v3.1.9a (3.1.9a)
))
Package: pgf 2021/05/15 v3.1.9a (3.1.9a)

(C:\Users\Onigatari\AppData\Local\Programs\MiKTeX\tex/latex/pgf/basiclayer\pgfc
ore.sty
(C:\Users\Onigatari\AppData\Local\Programs\MiKTeX\tex/latex/pgf/systemlayer\pgf
sys.sty
(C:\Users\Onigatari\AppData\Local\Programs\MiKTeX\tex/generic/pgf/systemlayer\p
gfsys.code.tex
Package: pgfsys 2021/05/15 v3.1.9a (3.1.9a)

(C:\Users\Onigatari\AppData\Local\Programs\MiKTeX\tex/generic/pgf/utilities\pgf
keys.code.tex
\pgfkeys@pathtoks=\toks36
\pgfkeys@temptoks=\toks37

(C:\Users\Onigatari\AppData\Local\Programs\MiKTeX\tex/generic/pgf/utilities\pgf
keysfiltered.code.tex
\pgfkeys@tmptoks=\toks38
))
\pgf@x=\dimen179
\pgf@y=\dimen180
\pgf@xa=\dimen181
\pgf@ya=\dimen182
\pgf@xb=\dimen183
\pgf@yb=\dimen184
\pgf@xc=\dimen185
\pgf@yc=\dimen186
\pgf@xd=\dimen187
\pgf@yd=\dimen188
\w@pgf@writea=\write3
\r@pgf@reada=\read3
\c@pgf@counta=\count309
\c@pgf@countb=\count310
\c@pgf@countc=\count311
\c@pgf@countd=\count312
\t@pgf@toka=\toks39
\t@pgf@tokb=\toks40
\t@pgf@tokc=\toks41
\pgf@sys@id@count=\count313

(C:\Users\Onigatari\AppData\Local\Programs\MiKTeX\tex/generic/pgf/systemlayer\p
gf.cfg
File: pgf.cfg 2021/05/15 v3.1.9a (3.1.9a)
)
Driver file for pgf: pgfsys-pdftex.def

(C:\Users\Onigatari\AppData\Local\Programs\MiKTeX\tex/generic/pgf/systemlayer\p
gfsys-pdftex.def
File: pgfsys-pdftex.def 2021/05/15 v3.1.9a (3.1.9a)

(C:\Users\Onigatari\AppData\Local\Programs\MiKTeX\tex/generic/pgf/systemlayer\p
gfsys-common-pdf.def
File: pgfsys-common-pdf.def 2021/05/15 v3.1.9a (3.1.9a)
)))
(C:\Users\Onigatari\AppData\Local\Programs\MiKTeX\tex/generic/pgf/systemlayer\p
gfsyssoftpath.code.tex
File: pgfsyssoftpath.code.tex 2021/05/15 v3.1.9a (3.1.9a)
\pgfsyssoftpath@smallbuffer@items=\count314
\pgfsyssoftpath@bigbuffer@items=\count315
)
(C:\Users\Onigatari\AppData\Local\Programs\MiKTeX\tex/generic/pgf/systemlayer\p
gfsysprotocol.code.tex
File: pgfsysprotocol.code.tex 2021/05/15 v3.1.9a (3.1.9a)
))
(C:\Users\Onigatari\AppData\Local\Programs\MiKTeX\tex/generic/pgf/basiclayer\pg
fcore.code.tex
Package: pgfcore 2021/05/15 v3.1.9a (3.1.9a)

(C:\Users\Onigatari\AppData\Local\Programs\MiKTeX\tex/generic/pgf/math\pgfmath.
code.tex
(C:\Users\Onigatari\AppData\Local\Programs\MiKTeX\tex/generic/pgf/math\pgfmathc
alc.code.tex
(C:\Users\Onigatari\AppData\Local\Programs\MiKTeX\tex/generic/pgf/math\pgfmathu
til.code.tex)
(C:\Users\Onigatari\AppData\Local\Programs\MiKTeX\tex/generic/pgf/math\pgfmathp
arser.code.tex
\pgfmath@dimen=\dimen189
\pgfmath@count=\count316
\pgfmath@box=\box59
\pgfmath@toks=\toks42
\pgfmath@stack@operand=\toks43
\pgfmath@stack@operation=\toks44
)
(C:\Users\Onigatari\AppData\Local\Programs\MiKTeX\tex/generic/pgf/math\pgfmathf
unctions.code.tex
(C:\Users\Onigatari\AppData\Local\Programs\MiKTeX\tex/generic/pgf/math\pgfmathf
unctions.basic.code.tex)
(C:\Users\Onigatari\AppData\Local\Programs\MiKTeX\tex/generic/pgf/math\pgfmathf
unctions.trigonometric.code.tex)
(C:\Users\Onigatari\AppData\Local\Programs\MiKTeX\tex/generic/pgf/math\pgfmathf
unctions.random.code.tex)
(C:\Users\Onigatari\AppData\Local\Programs\MiKTeX\tex/generic/pgf/math\pgfmathf
unctions.comparison.code.tex)
(C:\Users\Onigatari\AppData\Local\Programs\MiKTeX\tex/generic/pgf/math\pgfmathf
unctions.base.code.tex)
(C:\Users\Onigatari\AppData\Local\Programs\MiKTeX\tex/generic/pgf/math\pgfmathf
unctions.round.code.tex)
(C:\Users\Onigatari\AppData\Local\Programs\MiKTeX\tex/generic/pgf/math\pgfmathf
unctions.misc.code.tex)
(C:\Users\Onigatari\AppData\Local\Programs\MiKTeX\tex/generic/pgf/math\pgfmathf
unctions.integerarithmetics.code.tex)))
(C:\Users\Onigatari\AppData\Local\Programs\MiKTeX\tex/generic/pgf/math\pgfmathf
loat.code.tex
\c@pgfmathroundto@lastzeros=\count317
))
(C:\Users\Onigatari\AppData\Local\Programs\MiKTeX\tex/generic/pgf/math\pgfint.c
ode.tex)
(C:\Users\Onigatari\AppData\Local\Programs\MiKTeX\tex/generic/pgf/basiclayer\pg
fcorepoints.code.tex
File: pgfcorepoints.code.tex 2021/05/15 v3.1.9a (3.1.9a)
\pgf@picminx=\dimen190
\pgf@picmaxx=\dimen191
\pgf@picminy=\dimen192
\pgf@picmaxy=\dimen193
\pgf@pathminx=\dimen194
\pgf@pathmaxx=\dimen195
\pgf@pathminy=\dimen196
\pgf@pathmaxy=\dimen197
\pgf@xx=\dimen198
\pgf@xy=\dimen199
Normal \dimen register pool exhausted, switching to extended pool.
\pgf@yx=\dimen256
\pgf@yy=\dimen257
\pgf@zx=\dimen258
\pgf@zy=\dimen259
)
(C:\Users\Onigatari\AppData\Local\Programs\MiKTeX\tex/generic/pgf/basiclayer\pg
fcorepathconstruct.code.tex
File: pgfcorepathconstruct.code.tex 2021/05/15 v3.1.9a (3.1.9a)
\pgf@path@lastx=\dimen260
\pgf@path@lasty=\dimen261
)
(C:\Users\Onigatari\AppData\Local\Programs\MiKTeX\tex/generic/pgf/basiclayer\pg
fcorepathusage.code.tex
File: pgfcorepathusage.code.tex 2021/05/15 v3.1.9a (3.1.9a)
\pgf@shorten@end@additional=\dimen262
\pgf@shorten@start@additional=\dimen263
)
(C:\Users\Onigatari\AppData\Local\Programs\MiKTeX\tex/generic/pgf/basiclayer\pg
fcorescopes.code.tex
File: pgfcorescopes.code.tex 2021/05/15 v3.1.9a (3.1.9a)
\pgfpic=\box60
\pgf@hbox=\box61
\pgf@layerbox@main=\box62
\pgf@picture@serial@count=\count318
)
(C:\Users\Onigatari\AppData\Local\Programs\MiKTeX\tex/generic/pgf/basiclayer\pg
fcoregraphicstate.code.tex
File: pgfcoregraphicstate.code.tex 2021/05/15 v3.1.9a (3.1.9a)
\pgflinewidth=\dimen264
)
(C:\Users\Onigatari\AppData\Local\Programs\MiKTeX\tex/generic/pgf/basiclayer\pg
fcoretransformations.code.tex
File: pgfcoretransformations.code.tex 2021/05/15 v3.1.9a (3.1.9a)
\pgf@pt@x=\dimen265
\pgf@pt@y=\dimen266
\pgf@pt@temp=\dimen267
)
(C:\Users\Onigatari\AppData\Local\Programs\MiKTeX\tex/generic/pgf/basiclayer\pg
fcorequick.code.tex
File: pgfcorequick.code.tex 2021/05/15 v3.1.9a (3.1.9a)
)
(C:\Users\Onigatari\AppData\Local\Programs\MiKTeX\tex/generic/pgf/basiclayer\pg
fcoreobjects.code.tex
File: pgfcoreobjects.code.tex 2021/05/15 v3.1.9a (3.1.9a)
)
(C:\Users\Onigatari\AppData\Local\Programs\MiKTeX\tex/generic/pgf/basiclayer\pg
fcorepathprocessing.code.tex
File: pgfcorepathprocessing.code.tex 2021/05/15 v3.1.9a (3.1.9a)
)
(C:\Users\Onigatari\AppData\Local\Programs\MiKTeX\tex/generic/pgf/basiclayer\pg
fcorearrows.code.tex
File: pgfcorearrows.code.tex 2021/05/15 v3.1.9a (3.1.9a)
\pgfarrowsep=\dimen268
)
(C:\Users\Onigatari\AppData\Local\Programs\MiKTeX\tex/generic/pgf/basiclayer\pg
fcoreshade.code.tex
File: pgfcoreshade.code.tex 2021/05/15 v3.1.9a (3.1.9a)
\pgf@max=\dimen269
\pgf@sys@shading@range@num=\count319
\pgf@shadingcount=\count320
)
(C:\Users\Onigatari\AppData\Local\Programs\MiKTeX\tex/generic/pgf/basiclayer\pg
fcoreimage.code.tex
File: pgfcoreimage.code.tex 2021/05/15 v3.1.9a (3.1.9a)

(C:\Users\Onigatari\AppData\Local\Programs\MiKTeX\tex/generic/pgf/basiclayer\pg
fcoreexternal.code.tex
File: pgfcoreexternal.code.tex 2021/05/15 v3.1.9a (3.1.9a)
\pgfexternal@startupbox=\box63
))
(C:\Users\Onigatari\AppData\Local\Programs\MiKTeX\tex/generic/pgf/basiclayer\pg
fcorelayers.code.tex
File: pgfcorelayers.code.tex 2021/05/15 v3.1.9a (3.1.9a)
)
(C:\Users\Onigatari\AppData\Local\Programs\MiKTeX\tex/generic/pgf/basiclayer\pg
fcoretransparency.code.tex
File: pgfcoretransparency.code.tex 2021/05/15 v3.1.9a (3.1.9a)
)
(C:\Users\Onigatari\AppData\Local\Programs\MiKTeX\tex/generic/pgf/basiclayer\pg
fcorepatterns.code.tex
File: pgfcorepatterns.code.tex 2021/05/15 v3.1.9a (3.1.9a)
)
(C:\Users\Onigatari\AppData\Local\Programs\MiKTeX\tex/generic/pgf/basiclayer\pg
fcorerdf.code.tex
File: pgfcorerdf.code.tex 2021/05/15 v3.1.9a (3.1.9a)
)))
(C:\Users\Onigatari\AppData\Local\Programs\MiKTeX\tex/generic/pgf/modules\pgfmo
duleshapes.code.tex
File: pgfmoduleshapes.code.tex 2021/05/15 v3.1.9a (3.1.9a)
\pgfnodeparttextbox=\box64
)
(C:\Users\Onigatari\AppData\Local\Programs\MiKTeX\tex/generic/pgf/modules\pgfmo
duleplot.code.tex
File: pgfmoduleplot.code.tex 2021/05/15 v3.1.9a (3.1.9a)
)
(C:\Users\Onigatari\AppData\Local\Programs\MiKTeX\tex/latex/pgf/compatibility\p
gfcomp-version-0-65.sty
Package: pgfcomp-version-0-65 2021/05/15 v3.1.9a (3.1.9a)
\pgf@nodesepstart=\dimen270
\pgf@nodesepend=\dimen271
)
(C:\Users\Onigatari\AppData\Local\Programs\MiKTeX\tex/latex/pgf/compatibility\p
gfcomp-version-1-18.sty
Package: pgfcomp-version-1-18 2021/05/15 v3.1.9a (3.1.9a)
))
(C:\Users\Onigatari\AppData\Local\Programs\MiKTeX\tex/latex/pgf/utilities\pgffo
r.sty
(C:\Users\Onigatari\AppData\Local\Programs\MiKTeX\tex/latex/pgf/utilities\pgfke
ys.sty
(C:\Users\Onigatari\AppData\Local\Programs\MiKTeX\tex/generic/pgf/utilities\pgf
keys.code.tex))
(C:\Users\Onigatari\AppData\Local\Programs\MiKTeX\tex/latex/pgf/math\pgfmath.st
y
(C:\Users\Onigatari\AppData\Local\Programs\MiKTeX\tex/generic/pgf/math\pgfmath.
code.tex))
(C:\Users\Onigatari\AppData\Local\Programs\MiKTeX\tex/generic/pgf/utilities\pgf
for.code.tex
Package: pgffor 2021/05/15 v3.1.9a (3.1.9a)

(C:\Users\Onigatari\AppData\Local\Programs\MiKTeX\tex/generic/pgf/math\pgfmath.
code.tex)
\pgffor@iter=\dimen272
\pgffor@skip=\dimen273
\pgffor@stack=\toks45
\pgffor@toks=\toks46
))
(C:\Users\Onigatari\AppData\Local\Programs\MiKTeX\tex/generic/pgf/frontendlayer
/tikz\tikz.code.tex
Package: tikz 2021/05/15 v3.1.9a (3.1.9a)

(C:\Users\Onigatari\AppData\Local\Programs\MiKTeX\tex/generic/pgf/libraries\pgf
libraryplothandlers.code.tex
File: pgflibraryplothandlers.code.tex 2021/05/15 v3.1.9a (3.1.9a)
\pgf@plot@mark@count=\count321
\pgfplotmarksize=\dimen274
)
\tikz@lastx=\dimen275
\tikz@lasty=\dimen276
\tikz@lastxsaved=\dimen277
\tikz@lastysaved=\dimen278
\tikz@lastmovetox=\dimen279
\tikz@lastmovetoy=\dimen280
\tikzleveldistance=\dimen281
\tikzsiblingdistance=\dimen282
\tikz@figbox=\box65
\tikz@figbox@bg=\box66
\tikz@tempbox=\box67
\tikz@tempbox@bg=\box68
\tikztreelevel=\count322
\tikznumberofchildren=\count323
\tikznumberofcurrentchild=\count324
\tikz@fig@count=\count325

(C:\Users\Onigatari\AppData\Local\Programs\MiKTeX\tex/generic/pgf/modules\pgfmo
dulematrix.code.tex
File: pgfmodulematrix.code.tex 2021/05/15 v3.1.9a (3.1.9a)
\pgfmatrixcurrentrow=\count326
\pgfmatrixcurrentcolumn=\count327
\pgf@matrix@numberofcolumns=\count328
)
\tikz@expandcount=\count329

(C:\Users\Onigatari\AppData\Local\Programs\MiKTeX\tex/generic/pgf/frontendlayer
/tikz/libraries\tikzlibrarytopaths.code.tex
File: tikzlibrarytopaths.code.tex 2021/05/15 v3.1.9a (3.1.9a)
)))
(C:\Users\Onigatari\AppData\Local\Programs\MiKTeX\tex/latex/tkz-graph\tkz-graph
.sty
2021/01/20 v 2.00 tkz-graph.sty
Package: tkz-graph 2021/01/20 2.00 base for graphs
(C:\Users\Onigatari\AppData\Local\Programs\MiKTeX\tex/latex/base\ifthen.sty
Package: ifthen 2020/11/24 v1.1c Standard LaTeX ifthen package (DPC)
)
(C:\Users\Onigatari\AppData\Local\Programs\MiKTeX\tex/latex/xkeyval\xkeyval.sty
Package: xkeyval 2020/11/20 v2.8 package option processing (HA)

(C:\Users\Onigatari\AppData\Local\Programs\MiKTeX\tex/generic/xkeyval\xkeyval.t
ex
(C:\Users\Onigatari\AppData\Local\Programs\MiKTeX\tex/generic/xkeyval\xkvutils.
tex
\XKV@toks=\toks47
\XKV@tempa@toks=\toks48
)
\XKV@depth=\count330
File: xkeyval.tex 2014/12/03 v2.7a key=value parser (HA)
))
(C:\Users\Onigatari\AppData\Local\Programs\MiKTeX\tex/generic/pgf/frontendlayer
/tikz/libraries\tikzlibraryarrows.code.tex
File: tikzlibraryarrows.code.tex 2021/05/15 v3.1.9a (3.1.9a)

(C:\Users\Onigatari\AppData\Local\Programs\MiKTeX\tex/generic/pgf/libraries\pgf
libraryarrows.code.tex
File: pgflibraryarrows.code.tex 2021/05/15 v3.1.9a (3.1.9a)
\arrowsize=\dimen283
))
\c@tkz@gr@a=\count331
\c@tkz@gr@b=\count332
\c@tkz@gr@c=\count333
\c@tkz@gr@e=\count334
\c@tkz@gr@d=\count335
\c@tkz@gr@p=\count336
\c@tkz@gr@i=\count337
\c@tkz@gr@n=\count338
\c@tkz@gr@ta=\count339
\c@tkz@gr@tb=\count340
)
(C:\Users\Onigatari\AppData\Local\Programs\MiKTeX\tex/latex/l3backend\l3backend
-pdftex.def
File: l3backend-pdftex.def 2021-07-12 L3 backend support: PDF output (pdfTeX)
\l__color_backend_stack_int=\count341
\l__pdf_internal_box=\box69
) (main.aux)
\openout1 = `main.aux'.

LaTeX Font Info:    Checking defaults for OML/cmm/m/it on input line 31.
LaTeX Font Info:    ... okay on input line 31.
LaTeX Font Info:    Checking defaults for OMS/cmsy/m/n on input line 31.
LaTeX Font Info:    ... okay on input line 31.
LaTeX Font Info:    Checking defaults for OT1/cmr/m/n on input line 31.
LaTeX Font Info:    ... okay on input line 31.
LaTeX Font Info:    Checking defaults for T1/cmr/m/n on input line 31.
LaTeX Font Info:    ... okay on input line 31.
LaTeX Font Info:    Checking defaults for TS1/cmr/m/n on input line 31.
LaTeX Font Info:    ... okay on input line 31.
LaTeX Font Info:    Checking defaults for OMX/cmex/m/n on input line 31.
LaTeX Font Info:    ... okay on input line 31.
LaTeX Font Info:    Checking defaults for U/cmr/m/n on input line 31.
LaTeX Font Info:    ... okay on input line 31.
LaTeX Font Info:    Checking defaults for T2A/cmr/m/n on input line 31.
LaTeX Font Info:    ... okay on input line 31.
LaTeX Font Info:    Checking defaults for PD1/pdf/m/n on input line 31.
LaTeX Font Info:    ... okay on input line 31.
LaTeX Font Info:    Checking defaults for PU/pdf/m/n on input line 31.
LaTeX Font Info:    ... okay on input line 31.
LaTeX Info: Redefining \th on input line 31.
\autonum@environmentWidth=\skip61
<<ot1.cmap>><<oml.cmap>><<oms.cmap>><<omx.cmap>>
LaTeX Font Info:    Trying to load font information for U+msa on input line 31.


(C:\Users\Onigatari\AppData\Local\Programs\MiKTeX\tex/latex/amsfonts\umsa.fd
File: umsa.fd 2013/01/14 v3.01 AMS symbols A
)
LaTeX Font Info:    Trying to load font information for U+msb on input line 31.


(C:\Users\Onigatari\AppData\Local\Programs\MiKTeX\tex/latex/amsfonts\umsb.fd
File: umsb.fd 2013/01/14 v3.01 AMS symbols B
)
(C:\Users\Onigatari\AppData\Local\Programs\MiKTeX\tex/context/base/mkii\supp-pd
f.mkii
[Loading MPS to PDF converter (version 2006.09.02).]
\scratchcounter=\count342
\scratchdimen=\dimen284
\scratchbox=\box70
\nofMPsegments=\count343
\nofMParguments=\count344
\everyMPshowfont=\toks49
\MPscratchCnt=\count345
\MPscratchDim=\dimen285
\MPnumerator=\count346
\makeMPintoPDFobject=\count347
\everyMPtoPDFconversion=\toks50
)
(C:\Users\Onigatari\AppData\Local\Programs\MiKTeX\tex/latex/epstopdf-pkg\epstop
df-base.sty
Package: epstopdf-base 2020-01-24 v2.11 Base part for package epstopdf
Package epstopdf-base Info: Redefining graphics rule for `.eps' on input line 4
85.

(C:\Users\Onigatari\AppData\Local\Programs\MiKTeX\tex/latex/00miktex\epstopdf-s
ys.cfg
File: epstopdf-sys.cfg 2021/03/18 v2.0 Configuration of epstopdf for MiKTeX
))
\c@lstlisting=\count348
Package hyperref Info: Link coloring OFF on input line 31.

(C:\Users\Onigatari\AppData\Local\Programs\MiKTeX\tex/latex/hyperref\nameref.st
y
Package: nameref 2021-04-02 v2.47 Cross-referencing by name of section

(C:\Users\Onigatari\AppData\Local\Programs\MiKTeX\tex/latex/refcount\refcount.s
ty
Package: refcount 2019/12/15 v3.6 Data extraction from label references (HO)
)
(C:\Users\Onigatari\AppData\Local\Programs\MiKTeX\tex/generic/gettitlestring\ge
ttitlestring.sty
Package: gettitlestring 2019/12/15 v1.6 Cleanup title references (HO)
)
\c@section@level=\count349
)
LaTeX Info: Redefining \ref on input line 31.
LaTeX Info: Redefining \pageref on input line 31.
LaTeX Info: Redefining \nameref on input line 31.
 (main.out) (main.out)
\@outlinefile=\write4
\openout4 = `main.out'.


*geometry* driver: auto-detecting
*geometry* detected driver: pdftex
*geometry* verbose mode - [ preamble ] result:
* driver: pdftex
* paper: a4paper
* layout: <same size as paper>
* layoutoffset:(h,v)=(0.0pt,0.0pt)
* modes: 
* h-part:(L,W,R)=(42.67912pt, 512.14963pt, 42.67912pt)
* v-part:(T,H,B)=(56.9055pt, 731.23584pt, 56.9055pt)
* \paperwidth=597.50787pt
* \paperheight=845.04684pt
* \textwidth=512.14963pt
* \textheight=731.23584pt
* \oddsidemargin=-29.59087pt
* \evensidemargin=-29.59087pt
* \topmargin=-15.36449pt
* \headheight=0.0pt
* \headsep=0.0pt
* \topskip=14.0pt
* \footskip=42.67912pt
* \marginparwidth=15.0pt
* \marginparsep=10.0pt
* \columnsep=10.0pt
* \skip\footins=12.0pt plus 4.0pt minus 2.0pt
* \hoffset=0.0pt
* \voffset=0.0pt
* \mag=1000
* \@twocolumnfalse
* \@twosidefalse
* \@mparswitchfalse
* \@reversemarginfalse
* (1in=72.27pt=25.4mm, 1cm=28.453pt)


(C:\Users\Onigatari\AppData\Local\Programs\MiKTeX\tex/latex/listings\lstlang1.s
ty
File: lstlang1.sty 2020/03/24 1.8d listings language file
)
(C:\Users\Onigatari\AppData\Local\Programs\MiKTeX\tex/latex/listings\lstlang1.s
ty
File: lstlang1.sty 2020/03/24 1.8d listings language file
)
(C:\Users\Onigatari\AppData\Local\Programs\MiKTeX\tex/latex/listings\lstmisc.st
y
File: lstmisc.sty 2020/03/24 1.8d (Carsten Heinz)
)<<t2a.cmap>>
Underfull \hbox (badness 10000) in paragraph at lines 108--109

 []

(main.toc)
\tf@toc=\write5
\openout5 = `main.toc'.

 [0

{C:/Users/Onigatari/AppData/Local/MiKTeX/pdftex/config/pdftex.map}] [1]
\c@theorem=\count350
 [2

] (main.aux)
Package rerunfilecheck Info: File `main.out' has not changed.
(rerunfilecheck)             Checksum: CB9E429971397BA9808BBA92425E1270;107.
 ) 
Here is how much of TeX's memory you used:
 25623 strings out of 478870
 453936 string characters out of 2846940
 957025 words of memory out of 3000000
 43025 multiletter control sequences out of 15000+600000
 415312 words of font info for 52 fonts, out of 8000000 for 9000
 1141 hyphenation exceptions out of 8191
 84i,9n,97p,418b,346s stack positions out of 5000i,500n,10000p,200000b,80000s
 <C:\Users\Onigatari\AppData\Local\MiKTeX\fonts/pk/ljfour/lh/lh-t2a/dpi600\la
bx2074.pk> <C:\Users\Onigatari\AppData\Local\MiKTeX\fonts/pk/ljfour/lh/lh-t2a/d
pi600\lati1440.pk> <C:\Users\Onigatari\AppData\Local\MiKTeX\fonts/pk/ljfour/lh/
lh-t2a/dpi600\labx1440.pk> <C:\Users\Onigatari\AppData\Local\MiKTeX\fonts/pk/lj
four/lh/lh-t2a/dpi600\labx1728.pk> <C:\Users\Onigatari\AppData\Local\MiKTeX\fon
ts/pk/ljfour/lh/lh-t2a/dpi600\larm1440.pk> <C:\Users\Onigatari\AppData\Local\Mi
KTeX\fonts/pk/ljfour/lh/lh-t2a/dpi600\labx1200.pk> <C:\Users\Onigatari\AppData\
Local\MiKTeX\fonts/pk/ljfour/lh/lh-t2a/dpi600\larm1200.pk>
Output written on main.pdf (3 pages, 77966 bytes).
PDF statistics:
 237 PDF objects out of 1000 (max. 8388607)
 7 named destinations out of 1000 (max. 500000)
 41 words of extra memory for PDF output out of 10000 (max. 10000000)

